[30abr2023 00:03:17.027] [Server thread/INFO] [io.github.apace100.apoli.Apoli/]: Adding subpower ResourceKey[apoli:configured_power / bucolicraces:ally_modifiers/trading_villager] from power ResourceKey[apoli:configured_power / bucolicraces:ally_modifiers/trading]
[30abr2023 00:03:17.060] [Server thread/INFO] [io.github.apace100.apoli.Apoli/]: Adding subpower ResourceKey[apoli:configured_power / bucolicraces:ally_modifiers/trading_wandinging_trader] from power ResourceKey[apoli:configured_power / bucolicraces:ally_modifiers/trading]
[30abr2023 00:03:17.061] [Server thread/INFO] [io.github.apace100.apoli.Apoli/]: Adding subpower ResourceKey[apoli:configured_power / bucolicraces:ally_modifiers/irongolemmad_mad] from power ResourceKey[apoli:configured_power / bucolicraces:ally_modifiers/irongolemmad]
[30abr2023 00:03:17.064] [Server thread/INFO] [io.github.apace100.apoli.Apoli/]: Adding subpower ResourceKey[apoli:configured_power / bucolicraces:ally_modifiers/irongolemmad_tag] from power ResourceKey[apoli:configured_power / bucolicraces:ally_modifiers/irongolemmad]
[30abr2023 00:07:48.473] [Server thread/INFO] [io.github.apace100.apoli.Apoli/]: Adding subpower ResourceKey[apoli:configured_power / bucolicraces:ally_modifiers/trading_villager] from power ResourceKey[apoli:configured_power / bucolicraces:ally_modifiers/trading]
[30abr2023 00:07:48.474] [Server thread/INFO] [io.github.apace100.apoli.Apoli/]: Adding subpower ResourceKey[apoli:configured_power / bucolicraces:ally_modifiers/trading_wandinging_trader] from power ResourceKey[apoli:configured_power / bucolicraces:ally_modifiers/trading]
[30abr2023 00:07:48.476] [Server thread/INFO] [io.github.apace100.apoli.Apoli/]: Adding subpower ResourceKey[apoli:configured_power / bucolicraces:ally_modifiers/irongolemmad_mad] from power ResourceKey[apoli:configured_power / bucolicraces:ally_modifiers/irongolemmad]
[30abr2023 00:07:48.477] [Server thread/INFO] [io.github.apace100.apoli.Apoli/]: Adding subpower ResourceKey[apoli:configured_power / bucolicraces:ally_modifiers/irongolemmad_tag] from power ResourceKey[apoli:configured_power / bucolicraces:ally_modifiers/irongolemmad]
[30abr2023 00:08:14.836] [Server thread/INFO] [net.minecraft.server.MinecraftServer/]: daniertu has made the advancement [A Seedy Place]
[30abr2023 00:13:04.032] [Server thread/INFO] [io.github.apace100.apoli.Apoli/]: Adding subpower ResourceKey[apoli:configured_power / bucolicraces:zmisc_modifiers/dried_out_stacks] from power ResourceKey[apoli:configured_power / bucolicraces:zmisc_modifiers/dried_out]
[30abr2023 00:13:04.034] [Server thread/INFO] [io.github.apace100.apoli.Apoli/]: Adding subpower ResourceKey[apoli:configured_power / bucolicraces:zmisc_modifiers/dried_out_up_down] from power ResourceKey[apoli:configured_power / bucolicraces:zmisc_modifiers/dried_out]
[30abr2023 00:13:04.036] [Server thread/INFO] [io.github.apace100.apoli.Apoli/]: Adding subpower ResourceKey[apoli:configured_power / bucolicraces:zmisc_modifiers/dried_out_visual] from power ResourceKey[apoli:configured_power / bucolicraces:zmisc_modifiers/dried_out]
[30abr2023 00:13:04.038] [Server thread/INFO] [io.github.apace100.apoli.Apoli/]: Adding subpower ResourceKey[apoli:configured_power / bucolicraces:zmisc_modifiers/dried_out_output] from power ResourceKey[apoli:configured_power / bucolicraces:zmisc_modifiers/dried_out]
[30abr2023 00:13:43.896] [Server thread/WARN] [net.minecraft.server.network.ServerGamePacketListenerImpl/]: daniertu moved too quickly! -12.145137214683928,-83.0,390.5421392356511
[30abr2023 00:13:53.846] [Server thread/WARN] [net.minecraft.server.network.ServerGamePacketListenerImpl/]: daniertu moved too quickly! 141.72285706643015,66.0,-417.29878267558524
[30abr2023 00:14:08.733] [Server thread/INFO] [net.minecraft.server.network.ServerGamePacketListenerImpl/]: moriomm lost connection: Disconnected
[30abr2023 00:14:08.734] [Server thread/INFO] [net.minecraft.server.MinecraftServer/]: moriomm left the game
[30abr2023 00:14:21.797] [Server thread/WARN] [net.minecraft.server.network.ServerGamePacketListenerImpl/]: daniertu moved too quickly! -61.131288550794125,-79.0,408.3222031649202
[30abr2023 00:18:05.804] [Server thread/INFO] [net.minecraft.server.MinecraftServer/]: daniertu has made the advancement [Suit Up]
[30abr2023 00:19:08.732] [Server thread/INFO] [net.minecraft.server.network.ServerGamePacketListenerImpl/]: daniertu lost connection: Disconnected
[30abr2023 00:19:08.733] [Server thread/INFO] [net.minecraft.server.MinecraftServer/]: daniertu left the game
[30abr2023 00:21:27.107] [User Authenticator #17/INFO] [net.minecraft.server.network.ServerLoginPacketListenerImpl/]: UUID of player daniertu is ea601adf-d372-496f-96a8-f4b0975d3902
[30abr2023 00:21:27.114] [Netty Server IO #31/INFO] [Calio/]: Received acknowledgment for login packet with id 0
[30abr2023 00:21:27.160] [Netty Server IO #31/INFO] [Calio/]: Received acknowledgment for login packet with id 1
[30abr2023 00:21:27.209] [Netty Server IO #31/INFO] [Calio/]: Received acknowledgment for login packet with id 2
[30abr2023 00:21:27.332] [Netty Server IO #31/INFO] [Calio/]: Received acknowledgment for login packet with id 3
[30abr2023 00:21:27.333] [Netty Server IO #31/INFO] [Calio/]: Received acknowledgment for login packet with id 4
[30abr2023 00:21:27.375] [Netty Server IO #31/INFO] [Calio/]: Received acknowledgment for login packet with id 5
[30abr2023 00:21:27.408] [Netty Server IO #31/INFO] [Calio/]: Received acknowledgment for login packet with id 6
[30abr2023 00:21:27.460] [Netty Server IO #31/INFO] [Calio/]: Received acknowledgment for login packet with id 7
[30abr2023 00:21:27.508] [Netty Server IO #31/INFO] [Calio/]: Received acknowledgment for login packet with id 8
[30abr2023 00:21:27.559] [Netty Server IO #31/INFO] [Calio/]: Received acknowledgment for login packet with id 9
[30abr2023 00:21:27.609] [Netty Server IO #31/INFO] [Calio/]: Received acknowledgment for login packet with id 10
[30abr2023 00:21:27.659] [Netty Server IO #31/INFO] [Calio/]: Received acknowledgment for login packet with id 11
[30abr2023 00:21:27.711] [Netty Server IO #31/INFO] [Calio/]: Received acknowledgment for login packet with id 12
[30abr2023 00:21:27.759] [Netty Server IO #31/INFO] [Calio/]: Received acknowledgment for login packet with id 13
[30abr2023 00:21:27.811] [Netty Server IO #31/INFO] [Calio/]: Received acknowledgment for login packet with id 14
[30abr2023 00:21:31.919] [Server thread/INFO] [net.minecraftforge.common.AdvancementLoadFix/]: Using new advancement loading for net.minecraft.server.PlayerAdvancements@6b56bbfb
[30abr2023 00:21:31.941] [Server thread/INFO] [io.github.apace100.apoli.Apoli/]: Adding subpower ResourceKey[apoli:configured_power / bucolicraces:diet_modifiers/rawbuff_raw_mutton] from power ResourceKey[apoli:configured_power / bucolicraces:diet_modifiers/rawbuff]
[30abr2023 00:21:31.942] [Server thread/INFO] [io.github.apace100.apoli.Apoli/]: Adding subpower ResourceKey[apoli:configured_power / bucolicraces:diet_modifiers/rawbuff_raw_cod] from power ResourceKey[apoli:configured_power / bucolicraces:diet_modifiers/rawbuff]
[30abr2023 00:21:31.946] [Server thread/INFO] [io.github.apace100.apoli.Apoli/]: Adding subpower ResourceKey[apoli:configured_power / bucolicraces:diet_modifiers/rawbuff_raw_pork] from power ResourceKey[apoli:configured_power / bucolicraces:diet_modifiers/rawbuff]
[30abr2023 00:21:31.950] [Server thread/INFO] [io.github.apace100.apoli.Apoli/]: Adding subpower ResourceKey[apoli:configured_power / bucolicraces:diet_modifiers/rawbuff_raw_beef] from power ResourceKey[apoli:configured_power / bucolicraces:diet_modifiers/rawbuff]
[30abr2023 00:21:31.954] [Server thread/INFO] [io.github.apace100.apoli.Apoli/]: Adding subpower ResourceKey[apoli:configured_power / bucolicraces:diet_modifiers/rawbuff_rottenflesh] from power ResourceKey[apoli:configured_power / bucolicraces:diet_modifiers/rawbuff]
[30abr2023 00:21:31.956] [Server thread/INFO] [io.github.apace100.apoli.Apoli/]: Adding subpower ResourceKey[apoli:configured_power / bucolicraces:diet_modifiers/rawbuff_raw_salmon] from power ResourceKey[apoli:configured_power / bucolicraces:diet_modifiers/rawbuff]
[30abr2023 00:21:31.958] [Server thread/INFO] [io.github.apace100.apoli.Apoli/]: Adding subpower ResourceKey[apoli:configured_power / bucolicraces:diet_modifiers/rawbuff_raw_rabbit] from power ResourceKey[apoli:configured_power / bucolicraces:diet_modifiers/rawbuff]
[30abr2023 00:21:31.959] [Server thread/INFO] [io.github.apace100.apoli.Apoli/]: Adding subpower ResourceKey[apoli:configured_power / bucolicraces:diet_modifiers/rawbuff_raw_chicken] from power ResourceKey[apoli:configured_power / bucolicraces:diet_modifiers/rawbuff]
[30abr2023 00:21:31.961] [Server thread/INFO] [io.github.apace100.apoli.Apoli/]: Adding subpower ResourceKey[apoli:configured_power / bucolicraces:ally_modifiers/trading_villager] from power ResourceKey[apoli:configured_power / bucolicraces:ally_modifiers/trading]
[30abr2023 00:21:31.965] [Server thread/INFO] [io.github.apace100.apoli.Apoli/]: Adding subpower ResourceKey[apoli:configured_power / bucolicraces:ally_modifiers/trading_wandinging_trader] from power ResourceKey[apoli:configured_power / bucolicraces:ally_modifiers/trading]
[30abr2023 00:21:31.972] [Server thread/INFO] [io.github.apace100.apoli.Apoli/]: Adding subpower ResourceKey[apoli:configured_power / bucolicraces:ally_modifiers/irongolemmad_mad] from power ResourceKey[apoli:configured_power / bucolicraces:ally_modifiers/irongolemmad]
[30abr2023 00:21:31.976] [Server thread/INFO] [io.github.apace100.apoli.Apoli/]: Adding subpower ResourceKey[apoli:configured_power / bucolicraces:ally_modifiers/irongolemmad_tag] from power ResourceKey[apoli:configured_power / bucolicraces:ally_modifiers/irongolemmad]
[30abr2023 00:21:31.981] [Server thread/INFO] [net.minecraft.server.players.PlayerList/]: daniertu[/25.79.22.195:56669] logged in with entity id 47474 at (129.28921521408483, 63.0, -372.96213993476704)
[30abr2023 00:21:32.090] [Server thread/INFO] [net.minecraft.server.MinecraftServer/]: daniertu joined the game
[30abr2023 00:28:39.314] [Server Watchdog/ERROR] [net.minecraft.server.dedicated.ServerWatchdog/FATAL]: A single server tick took 61.81 seconds (should be max 0.05)
[30abr2023 00:28:41.936] [Server Watchdog/ERROR] [net.minecraft.server.dedicated.ServerWatchdog/FATAL]: Considering it to be crashed, server will forcibly shutdown.
[30abr2023 00:31:01.628] [Server thread/ERROR] [net.minecraftforge.eventbus.EventBus/EVENTBUS]: Exception caught during firing event: Java heap space
	Index: 2
	Listeners:
		0: HIGHEST
		1: ASM: class ovh.corail.tombstone.event.EventHandler onPlayerInteractEntity(Lnet/minecraftforge/event/entity/player/PlayerInteractEvent$EntityInteract;)V
		2: ASM: class io.github.edwinmindcraft.apoli.common.ApoliPowerEventHandler preventEntityInteraction(Lnet/minecraftforge/event/entity/player/PlayerInteractEvent$EntityInteract;)V
		3: HIGH
		4: ASM: class tschipp.carryon.events.CommonEvents onEntityRightClick(Lnet/minecraftforge/event/entity/player/PlayerInteractEvent$EntityInteract;)V
		5: ASM: class dev.architectury.event.forge.EventHandlerImplCommon eventPlayerInteractEvent(Lnet/minecraftforge/event/entity/player/PlayerInteractEvent$EntityInteract;)V
		6: NORMAL
		7: ASM: com.mrcrayfish.backpacked.common.WanderingTraderEvents@455862bd onInteract(Lnet/minecraftforge/event/entity/player/PlayerInteractEvent$EntityInteract;)V
		8: LOW
		9: ASM: class io.github.edwinmindcraft.apoli.common.ApoliPowerEventHandler playerEntityInteraction(Lnet/minecraftforge/event/entity/player/PlayerInteractEvent$EntityInteract;)V
java.lang.OutOfMemoryError: Java heap space
	at MC-BOOTSTRAP/com.google.common@31.0.1-jre/com.google.common.collect.Iterators.forArray(Iterators.java:1077)
	at MC-BOOTSTRAP/com.google.common@31.0.1-jre/com.google.common.collect.RegularImmutableList.listIterator(RegularImmutableList.java:85)
	at MC-BOOTSTRAP/com.google.common@31.0.1-jre/com.google.common.collect.ImmutableList.listIterator(ImmutableList.java:404)
	at MC-BOOTSTRAP/com.google.common@31.0.1-jre/com.google.common.collect.ImmutableList.iterator(ImmutableList.java:399)
	at MC-BOOTSTRAP/com.google.common@31.0.1-jre/com.google.common.collect.ImmutableList.iterator(ImmutableList.java:63)
	at TRANSFORMER/minecraft@1.19.2/net.minecraft.world.entity.player.Inventory.m_8020_(Inventory.java:472)
	at TRANSFORMER/minecraft@1.19.2/net.minecraft.world.entity.player.Inventory.m_150076_(Inventory.java:306)
	at TRANSFORMER/minecraft@1.19.2/net.minecraft.world.entity.player.Inventory.m_150079_(Inventory.java:294)
	at TRANSFORMER/apoli@1.19.2-2.6.1.0/io.github.edwinmindcraft.apoli.api.power.configuration.power.InteractionPowerConfiguration.performActorItemStuff(InteractionPowerConfiguration.java:76)
	at TRANSFORMER/apoli@1.19.2-2.6.1.0/io.github.edwinmindcraft.apoli.common.power.configuration.BiEntityInteractionConfiguration.executeAction(BiEntityInteractionConfiguration.java:48)
	at TRANSFORMER/apoli@1.19.2-2.6.1.0/io.github.edwinmindcraft.apoli.common.power.ActionOnEntityUsePower.tryExecute(ActionOnEntityUsePower.java:40)
	at TRANSFORMER/apoli@1.19.2-2.6.1.0/io.github.edwinmindcraft.apoli.common.power.ActionOnEntityUsePower.tryPrevent(ActionOnEntityUsePower.java:23)
	at TRANSFORMER/apoli@1.19.2-2.6.1.0/io.github.edwinmindcraft.apoli.common.ApoliPowerEventHandler.preventEntityInteraction(ApoliPowerEventHandler.java:353)
	at TRANSFORMER/apoli@1.19.2-2.6.1.0/io.github.edwinmindcraft.apoli.common.__ApoliPowerEventHandler_preventEntityInteraction_EntityInteract.invoke(.dynamic)
	at MC-BOOTSTRAP/net.minecraftforge.eventbus/net.minecraftforge.eventbus.ASMEventHandler.invoke(ASMEventHandler.java:73)
	at MC-BOOTSTRAP/net.minecraftforge.eventbus/net.minecraftforge.eventbus.EventBus$$Lambda$4123/0x0000000801a58be8.invoke(Unknown Source)
	at MC-BOOTSTRAP/net.minecraftforge.eventbus/net.minecraftforge.eventbus.EventBus.post(EventBus.java:315)
	at MC-BOOTSTRAP/net.minecraftforge.eventbus/net.minecraftforge.eventbus.EventBus.post(EventBus.java:296)
	at TRANSFORMER/forge@43.2.8/net.minecraftforge.common.ForgeHooks.onInteractEntity(ForgeHooks.java:854)
	at TRANSFORMER/minecraft@1.19.2/net.minecraft.world.entity.player.Player.m_36157_(Player.java:992)
	at TRANSFORMER/minecraft@1.19.2/net.minecraft.server.network.ServerGamePacketListenerImpl$1$$Lambda$13620/0x00000008027f46d0.m_143694_(Unknown Source)
	at TRANSFORMER/minecraft@1.19.2/net.minecraft.server.network.ServerGamePacketListenerImpl$1.m_143678_(ServerGamePacketListenerImpl.java:1550)
	at TRANSFORMER/minecraft@1.19.2/net.minecraft.server.network.ServerGamePacketListenerImpl$1.m_142299_(ServerGamePacketListenerImpl.java:1561)
	at TRANSFORMER/minecraft@1.19.2/net.minecraft.network.protocol.game.ServerboundInteractPacket$InteractionAction.m_142457_(ServerboundInteractPacket.java:116)
	at TRANSFORMER/minecraft@1.19.2/net.minecraft.network.protocol.game.ServerboundInteractPacket.m_179617_(ServerboundInteractPacket.java:66)
	at TRANSFORMER/minecraft@1.19.2/net.minecraft.server.network.ServerGamePacketListenerImpl.m_6946_(ServerGamePacketListenerImpl.java:1546)
	at TRANSFORMER/minecraft@1.19.2/net.minecraft.network.protocol.game.ServerboundInteractPacket.m_5797_(ServerboundInteractPacket.java:53)
	at TRANSFORMER/minecraft@1.19.2/net.minecraft.network.protocol.game.ServerboundInteractPacket.m_5797_(ServerboundInteractPacket.java:13)
	at TRANSFORMER/minecraft@1.19.2/net.minecraft.network.protocol.PacketUtils.m_131356_(PacketUtils.java:22)
	at TRANSFORMER/minecraft@1.19.2/net.minecraft.network.protocol.PacketUtils$$Lambda$12815/0x00000008027274b8.run(Unknown Source)
	at TRANSFORMER/minecraft@1.19.2/net.minecraft.server.TickTask.run(TickTask.java:18)
	at TRANSFORMER/minecraft@1.19.2/net.minecraft.util.thread.BlockableEventLoop.m_6367_(BlockableEventLoop.java:157)

[30abr2023 00:31:07.785] [Server thread/ERROR] [net.minecraft.server.MinecraftServer/]: Encountered an unexpected exception
java.lang.OutOfMemoryError: Java heap space
	at com.google.common.collect.Iterators.forArray(Iterators.java:1077) ~[guava-31.0.1-jre.jar%2372!/:?]
	at com.google.common.collect.RegularImmutableList.listIterator(RegularImmutableList.java:85) ~[guava-31.0.1-jre.jar%2372!/:?]
	at com.google.common.collect.ImmutableList.listIterator(ImmutableList.java:404) ~[guava-31.0.1-jre.jar%2372!/:?]
	at com.google.common.collect.ImmutableList.iterator(ImmutableList.java:399) ~[guava-31.0.1-jre.jar%2372!/:?]
	at com.google.common.collect.ImmutableList.iterator(ImmutableList.java:63) ~[guava-31.0.1-jre.jar%2372!/:?]
	at net.minecraft.world.entity.player.Inventory.m_8020_(Inventory.java:472) ~[server-1.19.2-20220805.130853-srg.jar%23149!/:?]
	at net.minecraft.world.entity.player.Inventory.m_150076_(Inventory.java:306) ~[server-1.19.2-20220805.130853-srg.jar%23149!/:?]
	at net.minecraft.world.entity.player.Inventory.m_150079_(Inventory.java:294) ~[server-1.19.2-20220805.130853-srg.jar%23149!/:?]
	at io.github.edwinmindcraft.apoli.api.power.configuration.power.InteractionPowerConfiguration.performActorItemStuff(InteractionPowerConfiguration.java:76) ~[apoli-forge-1.19.2-2.6.1.0.jar%23163!/:1.19.2-2.6.1.0]
	at io.github.edwinmindcraft.apoli.common.power.configuration.BiEntityInteractionConfiguration.executeAction(BiEntityInteractionConfiguration.java:48) ~[apoli-forge-1.19.2-2.6.1.0.jar%23163!/:1.19.2-2.6.1.0]
	at io.github.edwinmindcraft.apoli.common.power.ActionOnEntityUsePower.tryExecute(ActionOnEntityUsePower.java:40) ~[apoli-forge-1.19.2-2.6.1.0.jar%23163!/:1.19.2-2.6.1.0]
	at io.github.edwinmindcraft.apoli.common.power.ActionOnEntityUsePower.tryPrevent(ActionOnEntityUsePower.java:23) ~[apoli-forge-1.19.2-2.6.1.0.jar%23163!/:1.19.2-2.6.1.0]
	at io.github.edwinmindcraft.apoli.common.ApoliPowerEventHandler.preventEntityInteraction(ApoliPowerEventHandler.java:353) ~[apoli-forge-1.19.2-2.6.1.0.jar%23163!/:1.19.2-2.6.1.0]
	at io.github.edwinmindcraft.apoli.common.__ApoliPowerEventHandler_preventEntityInteraction_EntityInteract.invoke(.dynamic) ~[apoli-forge-1.19.2-2.6.1.0.jar%23163!/:1.19.2-2.6.1.0]
	at net.minecraftforge.eventbus.ASMEventHandler.invoke(ASMEventHandler.java:73) ~[eventbus-6.0.3.jar%2351!/:?]
	at net.minecraftforge.eventbus.EventBus$$Lambda$4123/0x0000000801a58be8.invoke(Unknown Source) ~[?:?]
	at net.minecraftforge.eventbus.EventBus.post(EventBus.java:315) ~[eventbus-6.0.3.jar%2351!/:?]
	at net.minecraftforge.eventbus.EventBus.post(EventBus.java:296) ~[eventbus-6.0.3.jar%2351!/:?]
	at net.minecraftforge.common.ForgeHooks.onInteractEntity(ForgeHooks.java:854) ~[forge-1.19.2-43.2.8-universal.jar%23154!/:?]
	at net.minecraft.world.entity.player.Player.m_36157_(Player.java:992) ~[server-1.19.2-20220805.130853-srg.jar%23149!/:?]
	at net.minecraft.server.network.ServerGamePacketListenerImpl$1$$Lambda$13620/0x00000008027f46d0.m_143694_(Unknown Source) ~[?:?]
	at net.minecraft.server.network.ServerGamePacketListenerImpl$1.m_143678_(ServerGamePacketListenerImpl.java:1550) ~[server-1.19.2-20220805.130853-srg.jar%23149!/:?]
	at net.minecraft.server.network.ServerGamePacketListenerImpl$1.m_142299_(ServerGamePacketListenerImpl.java:1561) ~[server-1.19.2-20220805.130853-srg.jar%23149!/:?]
	at net.minecraft.network.protocol.game.ServerboundInteractPacket$InteractionAction.m_142457_(ServerboundInteractPacket.java:116) ~[server-1.19.2-20220805.130853-srg.jar%23149!/:?]
	at net.minecraft.network.protocol.game.ServerboundInteractPacket.m_179617_(ServerboundInteractPacket.java:66) ~[server-1.19.2-20220805.130853-srg.jar%23149!/:?]
	at net.minecraft.server.network.ServerGamePacketListenerImpl.m_6946_(ServerGamePacketListenerImpl.java:1546) ~[server-1.19.2-20220805.130853-srg.jar%23149!/:?]
	at net.minecraft.network.protocol.game.ServerboundInteractPacket.m_5797_(ServerboundInteractPacket.java:53) ~[server-1.19.2-20220805.130853-srg.jar%23149!/:?]
	at net.minecraft.network.protocol.game.ServerboundInteractPacket.m_5797_(ServerboundInteractPacket.java:13) ~[server-1.19.2-20220805.130853-srg.jar%23149!/:?]
	at net.minecraft.network.protocol.PacketUtils.m_131356_(PacketUtils.java:22) ~[server-1.19.2-20220805.130853-srg.jar%23149!/:?]
	at net.minecraft.network.protocol.PacketUtils$$Lambda$12815/0x00000008027274b8.run(Unknown Source) ~[?:?]
	at net.minecraft.server.TickTask.run(TickTask.java:18) ~[server-1.19.2-20220805.130853-srg.jar%23149!/:?]
	at net.minecraft.util.thread.BlockableEventLoop.m_6367_(BlockableEventLoop.java:157) ~[server-1.19.2-20220805.130853-srg.jar%23149!/:?]
[30abr2023 00:32:12.173] [Server thread/FATAL] [net.minecraftforge.common.ForgeMod/]: Preparing crash report with UUID bca0fae7-bf87-4d0a-9d61-7329def72bd8
[30abr2023 00:32:12.176] [Server thread/ERROR] [net.minecraft.server.MinecraftServer/]: This crash report has been saved to: C:\Users\danie\OneDrive\Escritorio\serverminecraft\.\crash-reports\crash-2023-04-30_00.32.12-server.txt
[30abr2023 00:32:12.180] [Server thread/INFO] [net.minecraft.server.MinecraftServer/]: Stopping server
[30abr2023 00:32:12.182] [Server thread/INFO] [net.minecraft.server.MinecraftServer/]: Saving players
[30abr2023 00:32:12.202] [Server thread/INFO] [net.minecraft.server.network.ServerGamePacketListenerImpl/]: daniertu lost connection: Disconnected
[30abr2023 00:32:12.203] [Server thread/INFO] [net.minecraft.server.MinecraftServer/]: daniertu left the game
[30abr2023 00:32:12.231] [Server thread/INFO] [net.minecraft.server.MinecraftServer/]: Saving worlds
[30abr2023 00:32:41.324] [Server thread/INFO] [net.minecraft.server.MinecraftServer/]: Saving chunks for level 'ServerLevel[world]'/minecraft:overworld
[30abr2023 00:32:41.546] [Server thread/INFO] [net.minecraft.server.MinecraftServer/]: Saving chunks for level 'ServerLevel[world]'/minecraft:the_end
[30abr2023 00:32:41.551] [Server thread/INFO] [net.minecraft.server.MinecraftServer/]: Saving chunks for level 'ServerLevel[world]'/minecraft:the_nether
[30abr2023 00:32:41.585] [Server thread/INFO] [net.minecraft.server.MinecraftServer/]: ThreadedAnvilChunkStorage (world): All chunks are saved
[30abr2023 00:32:41.586] [Server thread/INFO] [net.minecraft.server.MinecraftServer/]: ThreadedAnvilChunkStorage (DIM1): All chunks are saved
[30abr2023 00:32:41.590] [Server thread/INFO] [net.minecraft.server.MinecraftServer/]: ThreadedAnvilChunkStorage (DIM-1): All chunks are saved
[30abr2023 00:32:41.592] [Server thread/INFO] [net.minecraft.server.MinecraftServer/]: ThreadedAnvilChunkStorage: All dimensions are saved
[30abr2023 00:32:41.724] [Server thread/INFO] [configured/]: Unloading server configs...
[30abr2023 00:32:41.727] [Server thread/INFO] [configured/]: Sending config unload event for configured.developer.toml
[30abr2023 00:32:41.728] [Server thread/INFO] [Calio/]: Removing Dynamic Registries for: net.minecraft.server.dedicated.DedicatedServer@469b0ea3
